[DEBUG] 21:47:12:127 ESI/(8538:8538): Ruta Script: /home/utnso/ESI_MultiClave
[DEBUG] 21:47:12:127 ESI/(8538:8538): Path archivo configuración: /home/utnso/workspace/tp-2018-1c-Pico-y-Pala/esi/Debug/esi.cfg
[DEBUG] 21:47:12:127 ESI/(8538:8538): PUERTO_PLANIFICADOR: 8020

[DEBUG] 21:47:12:128 ESI/(8538:8538): IP_PLANIFICADOR: 127.0.0.1

[DEBUG] 21:47:12:128 ESI/(8538:8538): PUERTO_COORDINADOR: 8030

[DEBUG] 21:47:12:128 ESI/(8538:8538): IP_COORDINADOR: 127.0.0.1

[INFO] 21:47:12:128 ESI/(8538:8538): Msg requerimiento de ejecución recibido del Planificador
[INFO] 21:47:12:128 ESI/(8538:8538): Parseando linea: GET futbol:ansaldi

[DEBUG] 00:53:56:573 ESI/(17978:17978): Ruta Script: /home/utnso/ESI_MultiClave
[DEBUG] 00:54:02:614 ESI/(17978:17978): Path archivo configuración: /home/utnso/workspace/tp-2018-1c-Pico-y-Pala/esi/Debug/esi.cfg
[DEBUG] 00:54:02:614 ESI/(17978:17978): PUERTO_PLANIFICADOR: 8020

[DEBUG] 00:54:02:614 ESI/(17978:17978): IP_PLANIFICADOR: 127.0.0.1

[DEBUG] 00:54:02:614 ESI/(17978:17978): PUERTO_COORDINADOR: 8030

[DEBUG] 00:54:02:614 ESI/(17978:17978): IP_COORDINADOR: 127.0.0.1

[INFO] 00:54:49:511 ESI/(17978:17978): Msg requerimiento de ejecución recibido del Planificador
[INFO] 00:54:49:511 ESI/(17978:17978): Parseando linea: GET futbol:ansaldi

[DEBUG] 00:58:44:290 ESI/(18239:18239): Ruta Script: /home/utnso/ESI_MultiClave
[DEBUG] 00:58:44:290 ESI/(18239:18239): Path archivo configuración: /home/utnso/workspace/tp-2018-1c-Pico-y-Pala/esi/Debug/esi.cfg
[DEBUG] 00:58:44:290 ESI/(18239:18239): PUERTO_PLANIFICADOR: 8020

[DEBUG] 00:58:44:290 ESI/(18239:18239): IP_PLANIFICADOR: 127.0.0.1

[DEBUG] 00:58:44:290 ESI/(18239:18239): PUERTO_COORDINADOR: 8030

[DEBUG] 00:58:44:290 ESI/(18239:18239): IP_COORDINADOR: 127.0.0.1

[INFO] 00:58:44:291 ESI/(18239:18239): Msg requerimiento de ejecución recibido del Planificador
[INFO] 00:58:44:291 ESI/(18239:18239): Parseando linea: GET futbol:ansaldi

[DEBUG] 01:08:24:520 ESI/(18641:18641): Ruta Script: /home/utnso/ESI_MultiClave
[DEBUG] 01:08:24:520 ESI/(18641:18641): Path archivo configuración: /home/utnso/workspace/tp-2018-1c-Pico-y-Pala/esi/Debug/esi.cfg
[DEBUG] 01:08:24:520 ESI/(18641:18641): PUERTO_PLANIFICADOR: 8020

[DEBUG] 01:08:24:520 ESI/(18641:18641): IP_PLANIFICADOR: 127.0.0.1

[DEBUG] 01:08:24:520 ESI/(18641:18641): PUERTO_COORDINADOR: 8030

[DEBUG] 01:08:24:520 ESI/(18641:18641): IP_COORDINADOR: 127.0.0.1

[INFO] 01:08:44:298 ESI/(18641:18641): Msg requerimiento de ejecución recibido del Planificador
[INFO] 01:08:44:298 ESI/(18641:18641): Parseando linea: GET futbol:ansaldi

[DEBUG] 01:11:09:920 ESI/(18793:18793): Ruta Script: /home/utnso/ESI_MultiClave
[DEBUG] 01:11:09:920 ESI/(18793:18793): Path archivo configuración: /home/utnso/workspace/tp-2018-1c-Pico-y-Pala/esi/Debug/esi.cfg
[DEBUG] 01:11:09:920 ESI/(18793:18793): PUERTO_PLANIFICADOR: 8020

[DEBUG] 01:11:09:920 ESI/(18793:18793): IP_PLANIFICADOR: 127.0.0.1

[DEBUG] 01:11:09:920 ESI/(18793:18793): PUERTO_COORDINADOR: 8030

[DEBUG] 01:11:09:920 ESI/(18793:18793): IP_COORDINADOR: 127.0.0.1

[DEBUG] 01:12:43:59 ESI/(18877:18877): Ruta Script: /home/utnso/ESI_MultiClave
[DEBUG] 01:12:43:59 ESI/(18877:18877): Path archivo configuración: /home/utnso/workspace/tp-2018-1c-Pico-y-Pala/esi/Debug/esi.cfg
[DEBUG] 01:12:43:59 ESI/(18877:18877): PUERTO_PLANIFICADOR: 8020

[DEBUG] 01:12:43:59 ESI/(18877:18877): IP_PLANIFICADOR: 127.0.0.1

[DEBUG] 01:12:43:59 ESI/(18877:18877): PUERTO_COORDINADOR: 8030

[DEBUG] 01:12:43:59 ESI/(18877:18877): IP_COORDINADOR: 127.0.0.1

[INFO] 01:12:46:408 ESI/(18877:18877): Msg requerimiento de ejecución recibido del Planificador
[INFO] 01:12:46:408 ESI/(18877:18877): Parseando linea: GET futbol:ansaldi

[INFO] 01:13:10:199 ESI/(18877:18877): Msg Sentencia finalizada recibido del Coordinador
[DEBUG] 01:20:29:942 ESI/(19285:19285): Ruta Script: /home/utnso/ESI_MultiClave
[DEBUG] 01:20:29:942 ESI/(19285:19285): Path archivo configuración: /home/utnso/workspace/tp-2018-1c-Pico-y-Pala/esi/Debug/esi.cfg
[DEBUG] 01:20:29:942 ESI/(19285:19285): PUERTO_PLANIFICADOR: 8020

[DEBUG] 01:20:29:942 ESI/(19285:19285): IP_PLANIFICADOR: 127.0.0.1

[DEBUG] 01:20:29:942 ESI/(19285:19285): PUERTO_COORDINADOR: 8030

[DEBUG] 01:20:29:942 ESI/(19285:19285): IP_COORDINADOR: 127.0.0.1

[INFO] 01:20:35:613 ESI/(19285:19285): Msg requerimiento de ejecución recibido del Planificador
[INFO] 01:20:35:614 ESI/(19285:19285): Parseando linea: GET futbol:ansaldi

[INFO] 01:20:52:936 ESI/(19285:19285): Msg Sentencia finalizada recibido del Coordinador
[DEBUG] 12:56:28:813 ESI/(3323:3323): Ruta Script: /home/utnso/workspace/tp-2018-1c-Pico-y-Pala/esi/Debug/ESI_1
[DEBUG] 12:56:28:852 ESI/(3323:3323): Path archivo configuración: /home/utnso/workspace/tp-2018-1c-Pico-y-Pala/esi/Debug/esi.cfg
[DEBUG] 12:56:28:852 ESI/(3323:3323): PUERTO_PLANIFICADOR: 8020

[DEBUG] 12:56:28:852 ESI/(3323:3323): IP_PLANIFICADOR: 127.0.0.1

[DEBUG] 12:56:28:852 ESI/(3323:3323): PUERTO_COORDINADOR: 8030

[DEBUG] 12:56:28:852 ESI/(3323:3323): IP_COORDINADOR: 127.0.0.1

[INFO] 12:57:47:379 ESI/(3323:3323): Msg requerimiento de ejecución recibido del Planificador
[INFO] 12:57:47:379 ESI/(3323:3323): Parseando linea: GET futbol:messi

[INFO] 12:58:23:52 ESI/(3323:3323): Msg Sentencia finalizada recibido del Coordinador
[INFO] 13:01:22:449 ESI/(3323:3323): Msg requerimiento de ejecución recibido del Planificador
[INFO] 13:01:27:438 ESI/(3323:3323): Parseando linea: SET futbol:messi TraemeLaCopa

[ERROR] 13:20:13:374 ESI/(3323:3323): Se perdió la conexión con el Coordinador
[DEBUG] 21:48:07:245 ESI/(9667:9667): Ruta Script: /home/utnso/workspace/tp-2018-1c-Pico-y-Pala/esi/Debug/ESI_1
[DEBUG] 21:48:07:245 ESI/(9667:9667): Path archivo configuración: /home/utnso/workspace/tp-2018-1c-Pico-y-Pala/esi/Debug/esi.cfg
[DEBUG] 21:48:07:246 ESI/(9667:9667): PUERTO_PLANIFICADOR: 8020

[DEBUG] 21:48:07:246 ESI/(9667:9667): IP_PLANIFICADOR: 127.0.0.1

[DEBUG] 21:48:07:246 ESI/(9667:9667): PUERTO_COORDINADOR: 8030

[DEBUG] 21:48:07:246 ESI/(9667:9667): IP_COORDINADOR: 127.0.0.1

[INFO] 21:48:07:246 ESI/(9667:9667): Msg requerimiento de ejecución recibido del Planificador
[INFO] 21:48:07:246 ESI/(9667:9667): Parseando linea: GET futbol:messi

[INFO] 21:48:27:636 ESI/(9667:9667): Msg Sentencia finalizada recibido del Coordinador
[INFO] 21:48:27:636 ESI/(9667:9667): Msg requerimiento de ejecución recibido del Planificador
[INFO] 21:48:27:636 ESI/(9667:9667): Parseando linea: SET futbol:messi TraemeLaCopa

[INFO] 21:49:24:80 ESI/(9667:9667): Msg Sentencia finalizada recibido del Coordinador
[INFO] 21:49:24:80 ESI/(9667:9667): Msg requerimiento de ejecución recibido del Planificador
[INFO] 21:49:24:80 ESI/(9667:9667): Parseando linea: STORE futbol:messi
[INFO] 21:50:05:588 ESI/(9667:9667): Msg Sentencia finalizada recibido del Coordinador
[INFO] 21:50:05:588 ESI/(9667:9667): Msg requerimiento de ejecución recibido del Planificador
[INFO] 21:50:27:960 ESI/(9667:9667): Fin Script
[DEBUG] 21:25:16:562 ESI/(6697:6697): Ruta Script: file:///home/utnso/esis_prueba/ESI_1
[ERROR] 21:25:16:583 ESI/(6697:6697): Error al abrir el archivo
[DEBUG] 21:26:45:191 ESI/(7106:7106): Ruta Script: script.esi
[DEBUG] 21:26:48:358 ESI/(7106:7106): Path archivo configuración: /home/utnso/workspace/tp-2018-1c-Pico-y-Pala/esi/Debug/esi.cfg
[DEBUG] 21:26:48:358 ESI/(7106:7106): PUERTO_PLANIFICADOR: 8020

[DEBUG] 21:26:48:358 ESI/(7106:7106): IP_PLANIFICADOR: 127.0.0.1

[DEBUG] 21:26:48:358 ESI/(7106:7106): PUERTO_COORDINADOR: 8030

[DEBUG] 21:26:48:359 ESI/(7106:7106): IP_COORDINADOR: 127.0.0.1

[INFO] 21:27:37:484 ESI/(7106:7106): Msg requerimiento de ejecución recibido del Planificador
[INFO] 21:27:37:502 ESI/(7106:7106): Parseando linea: GET jugador

[DEBUG] 21:30:49:491 ESI/(7337:7337): Ruta Script: script.esi
[DEBUG] 21:30:49:768 ESI/(7337:7337): Path archivo configuración: /home/utnso/workspace/tp-2018-1c-Pico-y-Pala/esi/Debug/esi.cfg
[DEBUG] 21:30:49:768 ESI/(7337:7337): PUERTO_PLANIFICADOR: 8020

[DEBUG] 21:30:49:768 ESI/(7337:7337): IP_PLANIFICADOR: 127.0.0.1

[DEBUG] 21:30:49:769 ESI/(7337:7337): PUERTO_COORDINADOR: 8030

[DEBUG] 21:30:49:769 ESI/(7337:7337): IP_COORDINADOR: 127.0.0.1

[INFO] 21:31:02:9 ESI/(7337:7337): Msg requerimiento de ejecución recibido del Planificador
[INFO] 21:31:02:9 ESI/(7337:7337): Parseando linea: GET futbol:messi

[INFO] 21:31:19:379 ESI/(7337:7337): Msg Sentencia finalizada recibido del Coordinador
[INFO] 21:34:24:374 ESI/(7337:7337): Msg requerimiento de ejecución recibido del Planificador
[INFO] 21:34:24:374 ESI/(7337:7337): Parseando linea: SET futbol:messi TraemeLaCopa

[INFO] 21:36:09:737 ESI/(7337:7337): Msg Sentencia finalizada recibido del Coordinador
[INFO] 21:36:18:592 ESI/(7337:7337): Msg requerimiento de ejecución recibido del Planificador
[INFO] 21:36:18:593 ESI/(7337:7337): Parseando linea: STORE futbol:messi
[INFO] 21:44:56:214 ESI/(7337:7337): Msg Sentencia finalizada recibido del Coordinador
[INFO] 21:46:08:141 ESI/(7337:7337): Msg requerimiento de ejecución recibido del Planificador
[INFO] 21:46:20:583 ESI/(7337:7337): Fin Script
[ERROR] 21:47:58:122 ESI/(7337:7337): Se perdió la conexión con el Planificador
