[DEBUG] 19:43:26:710 Planificador/(3649:3649): PUERTO: 8020
[DEBUG] 19:43:26:710 Planificador/(3649:3649): ESTIMACION_INICIAL: 5
[DEBUG] 19:43:26:710 Planificador/(3649:3649): ALGORITMO_PLANIFICACION: SJF-CD
[DEBUG] 19:43:26:710 Planificador/(3649:3649): IP_COORDINADOR: 127.0.0.1
[DEBUG] 19:43:26:710 Planificador/(3649:3649): PUERTO_COORDINADOR: 8030
[DEBUG] 19:43:26:710 Planificador/(3649:3649): CLAVES_BLOQUEADAS: [materias:K3002,materias:K3001]
[DEBUG] 19:43:36:26 Planificador/(3649:3657): Notificacion recibida del coordinador
[DEBUG] 19:43:36:26 Planificador/(3649:3657): Paquete recibido del coordinador
[DEBUG] 19:43:36:26 Planificador/(3649:3657): Notificacion Coordinador - Solicitud de GET clave recibida
[DEBUG] 19:43:36:26 Planificador/(3649:3657): Pudo solicitar clave? => 1
[DEBUG] 19:44:09:304 Planificador/(3649:3657): MSJ Sentencia finalizada recibido
[DEBUG] 14:27:00:940 Planificador/(15810:15810): PUERTO: 8020
[DEBUG] 14:27:01:31 Planificador/(15810:15810): ESTIMACION_INICIAL: 3
[DEBUG] 14:27:01:31 Planificador/(15810:15810): ALGORITMO_PLANIFICACION: SJF-SD
[DEBUG] 14:27:01:31 Planificador/(15810:15810): ALFA_PLANIFICACION: 50
[DEBUG] 14:27:01:31 Planificador/(15810:15810): IP_COORDINADOR: 127.0.0.1
[DEBUG] 14:27:01:31 Planificador/(15810:15810): PUERTO_COORDINADOR: 8030
[DEBUG] 14:29:44:630 Planificador/(15858:15858): PUERTO: 8020
[DEBUG] 14:29:47:571 Planificador/(15858:15858): ESTIMACION_INICIAL: 3
[DEBUG] 14:29:50:367 Planificador/(15858:15858): ALGORITMO_PLANIFICACION: SJF-SD
[DEBUG] 14:29:55:520 Planificador/(15858:15858): ALFA_PLANIFICACION: 50
[DEBUG] 14:29:57:21 Planificador/(15858:15858): IP_COORDINADOR: 127.0.0.1
[DEBUG] 14:29:58:481 Planificador/(15858:15858): PUERTO_COORDINADOR: 8030
[DEBUG] 14:31:27:633 Planificador/(15962:15962): PUERTO: 8020
[DEBUG] 14:31:28:115 Planificador/(15962:15962): ESTIMACION_INICIAL: 3
[DEBUG] 14:31:28:619 Planificador/(15962:15962): ALGORITMO_PLANIFICACION: SJF-SD
[DEBUG] 14:31:29:431 Planificador/(15962:15962): ALFA_PLANIFICACION: 50
[DEBUG] 14:31:30:323 Planificador/(15962:15962): IP_COORDINADOR: 127.0.0.1
[DEBUG] 14:31:31:115 Planificador/(15962:15962): PUERTO_COORDINADOR: 8030
[DEBUG] 14:31:54:78 Planificador/(16034:16034): PUERTO: 8020
[DEBUG] 14:31:54:555 Planificador/(16034:16034): ESTIMACION_INICIAL: 3
[DEBUG] 14:31:54:3 Planificador/(16034:16034): ALGORITMO_PLANIFICACION: SJF-SD
[DEBUG] 14:31:56:166 Planificador/(16034:16034): ALFA_PLANIFICACION: 50
[DEBUG] 14:31:57:34 Planificador/(16034:16034): IP_COORDINADOR: 127.0.0.1
[DEBUG] 14:31:57:921 Planificador/(16034:16034): PUERTO_COORDINADOR: 8030
[DEBUG] 14:32:50:298 Planificador/(16125:16125): PUERTO: 8020
[DEBUG] 14:32:50:792 Planificador/(16125:16125): ESTIMACION_INICIAL: 3
[DEBUG] 14:32:51:302 Planificador/(16125:16125): ALGORITMO_PLANIFICACION: SJF-SD
[DEBUG] 14:32:52:295 Planificador/(16125:16125): ALFA_PLANIFICACION: 50
[DEBUG] 14:32:53:309 Planificador/(16125:16125): IP_COORDINADOR: 127.0.0.1
[DEBUG] 14:32:54:179 Planificador/(16125:16125): PUERTO_COORDINADOR: 8030
[DEBUG] 14:33:24:220 Planificador/(16125:16125): CLAVES_BLOQUEADAS: []
